2026-06-12 17:24:41.815 : [API] GET /api/admin/orders → 200 (85ms)
2026-06-12 17:24:41.815 : [API] GET /api/admin/orders → 200 (85ms)
2026-06-12 17:24:41.837 : [API] GET /api/admin/orders → 200 (11ms)
2026-06-12 17:24:41.847 : [API] GET /api/admin/orders → 200 (22ms)
2026-06-12 17:24:42.303 : [API] GET /api/admin/orders → 200 (9ms)
2026-06-12 17:24:42.309 : [API] GET /api/admin/orders → 200 (15ms)
2026-06-12 17:24:43.033 : [상태변경] orderId=9 PENDING → PREPARING adminId=1
2026-06-12 17:24:43.099 : [API] PATCH /api/admin/orders/9/prepare → 200 (85ms)
2026-06-12 17:24:43.731 : [상태변경] orderId=8 PENDING → PREPARING adminId=1
2026-06-12 17:24:43.741 : [API] PATCH /api/admin/orders/8/prepare → 200 (16ms)
2026-06-12 17:24:44.385 : [API] GET /api/admin/orders → 200 (9ms)
2026-06-12 17:24:44.396 : [API] GET /api/admin/orders → 200 (20ms)
2026-06-12 17:24:45.190 : [상태변경] orderId=9 PREPARING → COMPLETED adminId=1
2026-06-12 17:24:45.199 : [API] PATCH /api/admin/orders/9/complete → 200 (15ms)
2026-06-12 17:24:45.808 : [상태변경] orderId=8 PREPARING → COMPLETED adminId=1
2026-06-12 17:24:45.818 : [API] PATCH /api/admin/orders/8/complete → 200 (16ms)
2026-06-12 17:25:11.333 : [API] POST /api/auth/login → 200 (401ms)
2026-06-12 17:25:11.359 : [API] GET /api/stores → 200 (10ms)
2026-06-12 17:25:11.360 : [API] GET /api/cart → 200 (11ms)
2026-06-12 17:25:11.371 : [API] GET /api/cart → 200 (3ms)
2026-06-12 17:25:11.373 : [API] GET /api/stores → 200 (5ms)
2026-06-12 17:25:16.040 : [API] GET /api/cart → 200 (3ms)
2026-06-12 17:25:16.051 : [API] GET /api/cart → 200 (2ms)
2026-06-12 17:25:16.057 : [API] GET /api/orders → 200 (20ms)
2026-06-12 17:25:16.078 : [API] GET /api/orders → 200 (13ms)
2026-06-12 17:25:17.552 : [API] GET /api/cart → 200 (2ms)
2026-06-12 17:25:17.558 : [API] GET /api/orders/8 → 200 (8ms)
2026-06-12 17:25:17.561 : [API] GET /api/cart → 200 (2ms)
2026-06-12 17:25:17.565 : [API] GET /api/payments/orders/8 → 200 (15ms)
2026-06-12 17:25:17.570 : [API] GET /api/orders/8 → 200 (5ms)
2026-06-12 17:25:17.580 : [API] GET /api/payments/orders/8 → 200 (9ms)
2026-06-12 17:25:21.631 : [API] GET /api/cart → 200 (4ms)
2026-06-12 17:25:21.641 : [API] GET /api/cart → 200 (2ms)
2026-06-12 17:25:21.645 : [API] GET /api/orders → 200 (18ms)
2026-06-12 17:25:21.667 : [API] GET /api/orders → 200 (14ms)
2026-06-12 18:58:28.851 : [API] POST /api/auth/signup → 500 (11ms)
2026-06-12 18:58:29.003 : [API] POST /api/auth/signup → 500 (5ms)
2026-06-12 18:58:51.292 : [API] POST /api/auth/signup → 500 (5ms)
2026-06-12 19:00:37.795 : [API] POST /api/auth/login → 200 (76ms)
2026-06-12 19:01:07.235 : [API] POST /api/auth/login → 200 (75ms)
2026-06-12 19:01:15.794 : [API] POST /api/auth/login → 200 (76ms)
2026-06-12 19:01:15.874 : [API] POST /api/admin/members → 500 (10ms)
2026-06-12 19:02:04.285 : [API] POST /api/auth/login → 200 (73ms)
2026-06-12 19:02:04.373 : [API] GET /api/admin/members → 200 (18ms)
2026-06-12 19:03:26.692 : [API] POST /api/auth/login → 200 (72ms)
2026-06-12 19:03:26.842 : [API] POST /api/admin/members → 200 (89ms)
2026-06-12 19:03:39.275 : [API] POST /api/auth/login → 200 (71ms)
2026-06-12 19:07:28.205 : [API] POST /api/auth/login → 200 (82ms)
2026-06-12 19:07:28.205 : [API] POST /api/auth/login → 200 (82ms)
2026-06-12 19:07:28.205 : [API] POST /api/auth/login → 200 (83ms)
2026-06-12 19:07:28.205 : [API] POST /api/auth/login → 200 (82ms)
2026-06-12 19:07:28.205 : [API] POST /api/auth/login → 200 (82ms)
2026-06-12 19:07:28.238 : [API] POST /api/auth/login → 200 (115ms)
2026-06-12 19:07:28.290 : [API] POST /api/auth/login → 200 (167ms)
2026-06-12 19:07:28.291 : [API] POST /api/auth/login → 200 (168ms)
2026-06-12 19:07:28.295 : [API] POST /api/auth/login → 200 (170ms)
2026-06-12 19:07:28.295 : [API] POST /api/auth/login → 200 (173ms)
2026-06-12 19:07:28.296 : [API] POST /api/auth/login → 200 (173ms)
2026-06-12 19:07:28.320 : [API] POST /api/auth/login → 200 (195ms)
2026-06-12 19:07:28.325 : [API] POST /api/auth/login → 200 (200ms)
2026-06-12 19:07:28.369 : [API] POST /api/auth/login → 200 (244ms)
2026-06-12 19:07:28.378 : [API] POST /api/auth/login → 200 (252ms)
2026-06-12 19:07:28.381 : [API] POST /api/auth/login → 200 (255ms)
2026-06-12 19:07:28.381 : [API] POST /api/auth/login → 200 (255ms)
2026-06-12 19:07:28.381 : [API] POST /api/auth/login → 200 (255ms)
2026-06-12 19:07:28.385 : [API] POST /api/auth/login → 200 (259ms)
2026-06-12 19:07:28.414 : [API] POST /api/auth/login → 200 (289ms)
2026-06-12 19:07:28.419 : [API] POST /api/auth/login → 200 (292ms)
2026-06-12 19:07:28.444 : [API] POST /api/auth/login → 200 (316ms)
2026-06-12 19:07:28.460 : [API] POST /api/auth/login → 200 (332ms)
2026-06-12 19:07:28.470 : [API] POST /api/auth/login → 200 (341ms)
2026-06-12 19:07:28.470 : [API] POST /api/auth/login → 200 (341ms)
2026-06-12 19:07:28.477 : [API] POST /api/auth/login → 200 (348ms)
2026-06-12 19:07:28.481 : [API] POST /api/auth/login → 200 (352ms)
2026-06-12 19:07:28.488 : [API] POST /api/auth/login → 200 (359ms)
2026-06-12 19:07:28.509 : [API] POST /api/auth/login → 200 (379ms)
2026-06-12 19:07:28.513 : [API] POST /api/auth/login → 200 (383ms)
2026-06-12 19:07:28.518 : [API] POST /api/auth/login → 200 (388ms)
2026-06-12 19:07:28.544 : [API] POST /api/auth/login → 200 (414ms)
2026-06-12 19:07:28.557 : [API] POST /api/auth/login → 200 (427ms)
2026-06-12 19:07:28.571 : [API] POST /api/auth/login → 200 (440ms)
2026-06-12 19:07:28.571 : [API] POST /api/auth/login → 200 (440ms)
2026-06-12 19:07:28.574 : [API] POST /api/auth/login → 200 (443ms)
2026-06-12 19:07:28.577 : [API] POST /api/auth/login → 200 (446ms)
2026-06-12 19:07:28.581 : [API] POST /api/auth/login → 200 (449ms)
2026-06-12 19:07:28.605 : [API] POST /api/auth/login → 200 (473ms)
2026-06-12 19:07:28.611 : [API] POST /api/auth/login → 200 (479ms)
2026-06-12 19:07:28.612 : [API] POST /api/auth/login → 200 (479ms)
2026-06-12 19:07:28.638 : [API] POST /api/auth/login → 200 (505ms)
2026-06-12 19:07:28.648 : [API] POST /api/auth/login → 200 (515ms)
2026-06-12 19:07:28.663 : [API] POST /api/auth/login → 200 (528ms)
2026-06-12 19:07:28.663 : [API] POST /api/auth/login → 200 (528ms)
2026-06-12 19:07:28.669 : [API] POST /api/auth/login → 200 (534ms)
2026-06-12 19:07:28.672 : [API] POST /api/auth/login → 200 (537ms)
2026-06-12 19:07:28.672 : [API] POST /api/auth/login → 200 (535ms)
2026-06-12 19:07:28.698 : [API] POST /api/auth/login → 200 (561ms)
2026-06-12 19:07:28.699 : [API] POST /api/auth/login → 200 (561ms)
2026-06-12 19:07:28.707 : [API] POST /api/auth/login → 200 (568ms)
2026-06-12 19:07:28.728 : [API] POST /api/auth/login → 200 (589ms)
2026-06-12 19:07:28.740 : [API] POST /api/auth/login → 200 (600ms)
2026-06-12 19:07:28.752 : [API] POST /api/auth/login → 200 (612ms)
2026-06-12 19:07:28.755 : [API] POST /api/auth/login → 200 (614ms)
2026-06-12 19:07:28.762 : [API] POST /api/auth/login → 200 (620ms)
2026-06-12 19:07:28.763 : [API] POST /api/auth/login → 200 (622ms)
2026-06-12 19:07:28.769 : [API] POST /api/auth/login → 200 (628ms)
2026-06-12 19:07:28.787 : [API] POST /api/auth/login → 200 (645ms)
2026-06-12 19:07:28.788 : [API] POST /api/auth/login → 200 (646ms)
2026-06-12 19:07:28.799 : [API] POST /api/auth/login → 200 (657ms)
2026-06-12 19:07:28.815 : [API] POST /api/auth/login → 200 (672ms)
2026-06-12 19:07:28.830 : [API] POST /api/auth/login → 200 (687ms)
2026-06-12 19:07:28.844 : [API] POST /api/auth/login → 200 (701ms)
2026-06-12 19:07:28.846 : [API] POST /api/auth/login → 200 (703ms)
2026-06-12 19:07:28.850 : [API] POST /api/auth/login → 200 (706ms)
2026-06-12 19:07:28.855 : [API] POST /api/auth/login → 200 (711ms)
2026-06-12 19:07:28.859 : [API] POST /api/auth/login → 200 (715ms)
2026-06-12 19:07:28.876 : [API] POST /api/auth/login → 200 (732ms)
2026-06-12 19:07:28.876 : [API] POST /api/auth/login → 200 (732ms)
2026-06-12 19:07:28.886 : [API] POST /api/auth/login → 200 (741ms)
2026-06-12 19:07:28.905 : [API] POST /api/auth/login → 200 (760ms)
2026-06-12 19:07:28.918 : [API] POST /api/auth/login → 200 (773ms)
2026-06-12 19:07:28.932 : [API] POST /api/auth/login → 200 (786ms)
2026-06-12 19:07:28.939 : [API] POST /api/auth/login → 200 (794ms)
2026-06-12 19:07:28.948 : [API] POST /api/auth/login → 200 (803ms)
2026-06-12 19:07:28.948 : [API] POST /api/auth/login → 200 (802ms)
2026-06-12 19:07:28.948 : [API] POST /api/auth/login → 200 (802ms)
2026-06-12 19:07:28.965 : [API] POST /api/auth/login → 200 (819ms)
2026-06-12 19:07:28.967 : [API] POST /api/auth/login → 200 (821ms)
2026-06-12 19:07:28.976 : [API] POST /api/auth/login → 200 (830ms)
2026-06-12 19:07:28.991 : [API] POST /api/auth/login → 200 (845ms)
2026-06-12 19:07:29.004 : [API] POST /api/auth/login → 200 (858ms)
2026-06-12 19:07:29.023 : [API] POST /api/auth/login → 200 (877ms)
2026-06-12 19:07:29.029 : [API] POST /api/auth/login → 200 (883ms)
2026-06-12 19:07:29.034 : [API] POST /api/auth/login → 200 (887ms)
2026-06-12 19:07:29.039 : [API] POST /api/auth/login → 200 (892ms)
2026-06-12 19:07:29.041 : [API] POST /api/auth/login → 200 (894ms)
2026-06-12 19:07:29.060 : [API] POST /api/auth/login → 200 (913ms)
2026-06-12 19:07:29.060 : [API] POST /api/auth/login → 200 (913ms)
2026-06-12 19:07:29.077 : [API] POST /api/auth/login → 200 (930ms)
2026-06-12 19:07:29.101 : [API] DELETE /api/cart → 200 (16ms)
2026-06-12 19:07:29.101 : [API] DELETE /api/cart → 200 (19ms)
2026-06-12 19:07:29.101 : [API] DELETE /api/cart → 200 (21ms)
2026-06-12 19:07:29.108 : [API] DELETE /api/cart → 200 (4ms)
2026-06-12 19:07:29.110 : [API] POST /api/auth/login → 200 (963ms)
2026-06-12 19:07:29.114 : [API] DELETE /api/cart → 200 (2ms)
2026-06-12 19:07:29.116 : [API] DELETE /api/cart → 200 (2ms)
2026-06-12 19:07:29.117 : [API] DELETE /api/cart → 200 (2ms)
2026-06-12 19:07:29.119 : [API] DELETE /api/cart → 200 (3ms)
2026-06-12 19:07:29.121 : [API] DELETE /api/cart → 200 (2ms)
2026-06-12 19:07:29.126 : [API] DELETE /api/cart → 200 (2ms)
2026-06-12 19:07:29.127 : [API] DELETE /api/cart → 200 (2ms)
2026-06-12 19:07:29.128 : [API] DELETE /api/cart → 200 (2ms)
2026-06-12 19:07:29.128 : [API] POST /api/auth/login → 200 (980ms)
2026-06-12 19:07:29.129 : [API] DELETE /api/cart → 200 (2ms)
2026-06-12 19:07:29.131 : [API] DELETE /api/cart → 200 (2ms)
2026-06-12 19:07:29.132 : [API] DELETE /api/cart → 200 (2ms)
2026-06-12 19:07:29.132 : [API] DELETE /api/cart → 200 (1ms)
2026-06-12 19:07:29.133 : [API] DELETE /api/cart → 200 (2ms)
2026-06-12 19:07:29.135 : [API] DELETE /api/cart → 200 (2ms)
2026-06-12 19:07:29.136 : [API] DELETE /api/cart → 200 (2ms)
2026-06-12 19:07:29.137 : [API] DELETE /api/cart → 200 (2ms)
2026-06-12 19:07:29.140 : [API] DELETE /api/cart → 200 (4ms)
2026-06-12 19:07:29.140 : [API] DELETE /api/cart → 200 (3ms)
2026-06-12 19:07:29.140 : [API] DELETE /api/cart → 200 (2ms)
2026-06-12 19:07:29.144 : [API] DELETE /api/cart → 200 (2ms)
2026-06-12 19:07:29.144 : [API] DELETE /api/cart → 200 (2ms)
2026-06-12 19:07:29.145 : [API] POST /api/auth/login → 200 (997ms)
2026-06-12 19:07:29.146 : [API] DELETE /api/cart → 200 (1ms)
2026-06-12 19:07:29.146 : [API] DELETE /api/cart → 200 (1ms)
2026-06-12 19:07:29.146 : [API] DELETE /api/cart → 200 (1ms)
2026-06-12 19:07:29.150 : [API] DELETE /api/cart → 200 (2ms)
2026-06-12 19:07:29.153 : [API] DELETE /api/cart → 200 (4ms)
2026-06-12 19:07:29.153 : [API] DELETE /api/cart → 200 (2ms)
2026-06-12 19:07:29.153 : [API] DELETE /api/cart → 200 (2ms)
2026-06-12 19:07:29.156 : [API] DELETE /api/cart → 200 (3ms)
2026-06-12 19:07:29.158 : [API] DELETE /api/cart → 200 (3ms)
2026-06-12 19:07:29.159 : [API] DELETE /api/cart → 200 (2ms)
2026-06-12 19:07:29.160 : [API] DELETE /api/cart → 200 (2ms)
2026-06-12 19:07:29.161 : [API] DELETE /api/cart → 200 (3ms)
2026-06-12 19:07:29.162 : [API] POST /api/auth/login → 200 (1014ms)
2026-06-12 19:07:29.162 : [API] DELETE /api/cart → 200 (2ms)
2026-06-12 19:07:29.162 : [API] DELETE /api/cart → 200 (1ms)
2026-06-12 19:07:29.162 : [API] DELETE /api/cart → 200 (1ms)
2026-06-12 19:07:29.162 : [API] DELETE /api/cart → 200 (2ms)
2026-06-12 19:07:29.165 : [API] DELETE /api/cart → 200 (2ms)
2026-06-12 19:07:29.165 : [API] DELETE /api/cart → 200 (2ms)
2026-06-12 19:07:29.167 : [API] DELETE /api/cart → 200 (1ms)
2026-06-12 19:07:29.167 : [API] DELETE /api/cart → 200 (1ms)
2026-06-12 19:07:29.167 : [API] DELETE /api/cart → 200 (1ms)
2026-06-12 19:07:29.170 : [API] POST /api/cart/items → 200 (49ms)
2026-06-12 19:07:29.171 : [API] DELETE /api/cart → 200 (1ms)
2026-06-12 19:07:29.171 : [API] DELETE /api/cart → 200 (1ms)
2026-06-12 19:07:29.171 : [API] DELETE /api/cart → 200 (1ms)
2026-06-12 19:07:29.174 : [API] POST /api/auth/login → 200 (1026ms)
2026-06-12 19:07:29.174 : [API] DELETE /api/cart → 200 (1ms)
2026-06-12 19:07:29.174 : [API] DELETE /api/cart → 200 (1ms)
2026-06-12 19:07:29.174 : [API] DELETE /api/cart → 200 (1ms)
2026-06-12 19:07:29.178 : [API] DELETE /api/cart → 200 (1ms)
2026-06-12 19:07:29.178 : [API] DELETE /api/cart → 200 (2ms)
2026-06-12 19:07:29.180 : [API] POST /api/auth/login → 200 (1032ms)
2026-06-12 19:07:29.181 : [API] DELETE /api/cart → 200 (1ms)
2026-06-12 19:07:29.181 : [API] DELETE /api/cart → 200 (1ms)
2026-06-12 19:07:29.181 : [API] DELETE /api/cart → 200 (1ms)
2026-06-12 19:07:29.181 : [API] DELETE /api/cart → 200 (1ms)
2026-06-12 19:07:29.181 : [API] DELETE /api/cart → 200 (1ms)
2026-06-12 19:07:29.181 : [API] DELETE /api/cart → 200 (1ms)
2026-06-12 19:07:29.183 : [API] POST /api/auth/login → 200 (1035ms)
2026-06-12 19:07:29.187 : [API] DELETE /api/cart → 200 (1ms)
2026-06-12 19:07:29.187 : [API] DELETE /api/cart → 200 (1ms)
2026-06-12 19:07:29.187 : [API] DELETE /api/cart → 200 (1ms)
2026-06-12 19:07:29.191 : [API] DELETE /api/cart → 200 (1ms)
2026-06-12 19:07:29.191 : [API] DELETE /api/cart → 200 (1ms)
2026-06-12 19:07:29.191 : [API] DELETE /api/cart → 200 (1ms)
2026-06-12 19:07:29.191 : [API] DELETE /api/cart → 200 (1ms)
2026-06-12 19:07:29.191 : [API] POST /api/auth/login → 200 (1043ms)
2026-06-12 19:07:29.192 : [API] POST /api/auth/login → 200 (1044ms)
2026-06-12 19:07:29.195 : [API] DELETE /api/cart → 200 (2ms)
2026-06-12 19:07:29.195 : [API] DELETE /api/cart → 200 (2ms)
2026-06-12 19:07:29.196 : [API] DELETE /api/cart → 200 (0ms)
2026-06-12 19:07:29.196 : [API] DELETE /api/cart → 200 (0ms)
2026-06-12 19:07:29.196 : [API] DELETE /api/cart → 200 (0ms)
2026-06-12 19:07:29.197 : [API] DELETE /api/cart → 200 (1ms)
2026-06-12 19:07:29.201 : [API] DELETE /api/cart → 200 (2ms)
2026-06-12 19:07:29.201 : [API] DELETE /api/cart → 200 (2ms)
2026-06-12 19:07:29.201 : [API] DELETE /api/cart → 200 (2ms)
2026-06-12 19:07:29.203 : [API] DELETE /api/cart → 200 (1ms)
2026-06-12 19:07:29.203 : [API] DELETE /api/cart → 200 (1ms)
2026-06-12 19:07:29.203 : [API] DELETE /api/cart → 200 (1ms)
2026-06-12 19:07:29.203 : [API] DELETE /api/cart → 200 (1ms)
2026-06-12 19:07:29.206 : [API] DELETE /api/cart → 200 (1ms)
2026-06-12 19:07:29.206 : [API] DELETE /api/cart → 200 (1ms)
2026-06-12 19:07:29.206 : [API] DELETE /api/cart → 200 (1ms)
2026-06-12 19:07:29.206 : [API] DELETE /api/cart → 200 (1ms)
2026-06-12 19:07:29.209 : [API] DELETE /api/cart → 200 (1ms)
2026-06-12 19:07:29.211 : [API] DELETE /api/cart → 200 (1ms)
2026-06-12 19:07:29.214 : [API] DELETE /api/cart → 200 (1ms)
2026-06-12 19:07:29.218 : [API] DELETE /api/cart → 200 (2ms)
2026-06-12 19:07:29.220 : [API] DELETE /api/cart → 200 (2ms)
2026-06-12 19:07:29.230 : [API] DELETE /api/cart → 200 (1ms)
2026-06-12 19:07:29.230 : [API] DELETE /api/cart → 200 (1ms)
2026-06-12 19:07:29.234 : [API] POST /api/cart/items → 200 (92ms)
2026-06-12 19:07:29.239 : [API] DELETE /api/cart → 200 (2ms)
2026-06-12 19:07:29.239 : [API] DELETE /api/cart → 200 (2ms)
2026-06-12 19:07:29.242 : [API] POST /api/cart/items → 200 (76ms)
2026-06-12 19:07:29.246 : [API] DELETE /api/cart → 200 (1ms)
2026-06-12 19:07:29.252 : [API] DELETE /api/cart → 200 (2ms)
2026-06-12 19:07:29.255 : [API] DELETE /api/cart → 200 (1ms)
2026-06-12 19:07:29.255 : [API] DELETE /api/cart → 200 (1ms)
2026-06-12 19:07:29.257 : [API] POST /api/cart/items → 200 (81ms)
2026-06-12 19:07:29.257 : [API] DELETE /api/cart → 200 (1ms)
2026-06-12 19:07:29.264 : [API] POST /api/cart/items → 200 (74ms)
2026-06-12 19:07:29.264 : [API] DELETE /api/cart → 200 (1ms)
2026-06-12 19:07:29.266 : [API] POST /api/cart/items → 200 (70ms)
2026-06-12 19:07:29.268 : [API] DELETE /api/cart → 200 (2ms)
2026-06-12 19:07:29.278 : [API] POST /api/cart/items → 200 (73ms)
2026-06-12 19:07:29.278 : [API] POST /api/cart/items → 200 (70ms)
2026-06-12 19:07:29.286 : [API] POST /api/cart/items → 200 (73ms)
2026-06-12 19:07:29.286 : [API] POST /api/cart/items → 200 (76ms)
2026-06-12 19:07:29.286 : [API] POST /api/cart/items → 200 (74ms)
2026-06-12 19:07:29.290 : [API] POST /api/cart/items → 200 (78ms)
2026-06-12 19:07:29.290 : [API] POST /api/cart/items → 200 (77ms)
2026-06-12 19:07:29.290 : [API] POST /api/cart/items → 200 (77ms)
2026-06-12 19:07:29.293 : [API] POST /api/cart/items → 200 (75ms)
2026-06-12 19:07:29.293 : [API] POST /api/cart/items → 200 (81ms)
2026-06-12 19:07:29.293 : [API] POST /api/cart/items → 200 (75ms)
2026-06-12 19:07:29.301 : [API] POST /api/cart/items → 200 (80ms)
2026-06-12 19:07:29.301 : [API] POST /api/cart/items → 200 (80ms)
2026-06-12 19:07:29.303 : [API] POST /api/cart/items → 200 (82ms)
2026-06-12 19:07:29.303 : [API] POST /api/cart/items → 200 (82ms)
2026-06-12 19:07:29.303 : [API] POST /api/cart/items → 200 (82ms)
2026-06-12 19:07:29.303 : [API] POST /api/cart/items → 200 (82ms)
2026-06-12 19:07:29.303 : [API] POST /api/cart/items → 200 (82ms)
2026-06-12 19:07:29.303 : [API] POST /api/cart/items → 200 (82ms)
2026-06-12 19:07:29.308 : [API] POST /api/cart/items → 200 (82ms)
2026-06-12 19:07:29.310 : [API] POST /api/cart/items → 200 (81ms)
2026-06-12 19:07:29.310 : [API] POST /api/cart/items → 200 (81ms)
2026-06-12 19:07:29.310 : [API] POST /api/cart/items → 200 (85ms)
2026-06-12 19:07:29.313 : [API] POST /api/cart/items → 200 (84ms)
2026-06-12 19:07:29.313 : [API] POST /api/cart/items → 200 (81ms)
2026-06-12 19:07:29.318 : [API] POST /api/cart/items → 200 (86ms)
2026-06-12 19:07:29.318 : [API] POST /api/cart/items → 200 (83ms)
2026-06-12 19:07:29.321 : [API] POST /api/cart/items → 200 (84ms)
2026-06-12 19:07:29.321 : [API] POST /api/cart/items → 200 (84ms)
2026-06-12 19:07:29.324 : [API] POST /api/cart/items → 200 (87ms)
2026-06-12 19:07:29.326 : [API] POST /api/cart/items → 200 (89ms)
2026-06-12 19:07:29.326 : [API] POST /api/cart/items → 200 (89ms)
2026-06-12 19:07:29.326 : [API] POST /api/cart/items → 200 (86ms)
2026-06-12 19:07:29.326 : [API] POST /api/cart/items → 200 (81ms)
2026-06-12 19:07:29.326 : [API] POST /api/cart/items → 200 (89ms)
2026-06-12 19:07:29.335 : [API] POST /api/cart/items → 200 (90ms)
2026-06-12 19:07:29.335 : [API] POST /api/cart/items → 200 (90ms)
2026-06-12 19:07:29.335 : [API] POST /api/cart/items → 200 (90ms)
2026-06-12 19:07:29.338 : [API] POST /api/cart/items → 200 (93ms)
2026-06-12 19:07:29.339 : [API] POST /api/cart/items → 200 (94ms)
2026-06-12 19:07:29.339 : [API] POST /api/cart/items → 200 (94ms)
2026-06-12 19:07:29.339 : [API] POST /api/cart/items → 200 (94ms)
2026-06-12 19:07:29.343 : [API] POST /api/cart/items → 200 (93ms)
2026-06-12 19:07:29.345 : [API] POST /api/cart/items → 200 (91ms)
2026-06-12 19:07:29.345 : [API] POST /api/cart/items → 200 (89ms)
2026-06-12 19:07:29.345 : [API] POST /api/cart/items → 200 (95ms)
2026-06-12 19:07:29.345 : [API] POST /api/cart/items → 200 (91ms)
2026-06-12 19:07:29.345 : [API] POST /api/cart/items → 200 (95ms)
2026-06-12 19:07:29.349 : [API] POST /api/cart/items → 200 (93ms)
2026-06-12 19:07:29.355 : [API] POST /api/cart/items → 200 (89ms)
2026-06-12 19:07:29.355 : [API] POST /api/cart/items → 200 (93ms)
2026-06-12 19:07:29.355 : [API] POST /api/cart/items → 200 (95ms)
2026-06-12 19:07:29.355 : [API] POST /api/cart/items → 200 (93ms)
2026-06-12 19:07:29.355 : [API] POST /api/cart/items → 200 (92ms)
2026-06-12 19:07:29.355 : [API] POST /api/cart/items → 200 (89ms)
2026-06-12 19:07:29.355 : [API] POST /api/cart/items → 200 (96ms)
2026-06-12 19:07:29.358 : [API] POST /api/cart/items → 200 (89ms)
2026-06-12 19:07:29.360 : [API] POST /api/cart/items → 200 (94ms)
2026-06-12 19:07:29.361 : [API] POST /api/cart/items → 200 (92ms)
2026-06-12 19:07:29.364 : [API] POST /api/cart/items → 200 (92ms)
2026-06-12 19:07:29.364 : [API] POST /api/cart/items → 200 (95ms)
2026-06-12 19:07:29.364 : [API] POST /api/cart/items → 200 (92ms)
2026-06-12 19:07:29.368 : [API] POST /api/cart/items → 200 (96ms)
2026-06-12 19:07:29.370 : [API] POST /api/cart/items → 200 (89ms)
2026-06-12 19:07:29.371 : [API] POST /api/cart/items → 200 (99ms)
2026-06-12 19:07:29.371 : [API] POST /api/cart/items → 200 (94ms)
2026-06-12 19:07:29.371 : [API] POST /api/cart/items → 200 (97ms)
2026-06-12 19:07:29.374 : [API] POST /api/cart/items → 200 (97ms)
2026-06-12 19:07:29.374 : [API] POST /api/cart/items → 200 (97ms)
2026-06-12 19:07:29.374 : [API] POST /api/cart/items → 200 (93ms)
2026-06-12 19:07:29.377 : [API] POST /api/cart/items → 200 (92ms)
2026-06-12 19:07:29.377 : [API] POST /api/cart/items → 200 (89ms)
2026-06-12 19:07:29.381 : [API] POST /api/cart/items → 200 (96ms)
2026-06-12 19:07:29.381 : [API] POST /api/cart/items → 200 (93ms)
2026-06-12 19:07:29.383 : [API] POST /api/cart/items → 200 (154ms)
2026-06-12 19:07:29.383 : [API] POST /api/cart/items → 200 (154ms)
2026-06-12 19:07:29.383 : [API] POST /api/cart/items → 200 (157ms)
2026-06-12 19:07:29.386 : [API] POST /api/cart/items → 200 (157ms)
2026-06-12 19:07:29.389 : [API] POST /api/cart/items → 200 (90ms)
2026-06-12 19:07:29.391 : [API] POST /api/cart/items → 200 (92ms)
2026-06-12 19:07:29.391 : [API] POST /api/cart/items → 200 (154ms)
2026-06-12 19:07:29.397 : [API] POST /api/cart/items → 200 (84ms)
2026-06-12 19:07:59.271 : [API] POST /api/cart/items → 500 (30021ms)
2026-06-12 19:07:59.336 : [API] POST /api/cart/items → 500 (30010ms)
2026-06-12 19:07:59.336 : [API] POST /api/cart/items → 500 (30010ms)
2026-06-12 19:07:59.375 : [API] POST /api/orders → 500 (30130ms)
2026-06-12 19:07:59.376 : [API] POST /api/cart/items → 500 (30038ms)
2026-06-12 19:07:59.376 : [API] POST /api/cart/items → 500 (30035ms)
2026-06-12 19:07:59.376 : [API] POST /api/orders → 500 (30041ms)
2026-06-12 19:07:59.429 : [API] POST /api/cart/items → 500 (30065ms)
2026-06-12 19:07:59.460 : [API] POST /api/cart/items → 500 (30103ms)
2026-06-12 19:07:59.474 : [API] POST /api/cart/items → 500 (30114ms)
2026-06-12 19:07:59.474 : [API] POST /api/orders → 500 (30200ms)
2026-06-12 19:07:59.507 : [API] POST /api/cart/items → 500 (30162ms)
2026-06-12 19:07:59.507 : [API] POST /api/orders → 500 (30155ms)
2026-06-12 19:07:59.507 : [API] POST /api/cart/items → 500 (30162ms)
2026-06-12 19:07:59.507 : [API] POST /api/orders → 500 (30155ms)
2026-06-12 19:07:59.507 : [API] POST /api/orders → 500 (30147ms)
2026-06-12 19:07:59.525 : [API] POST /api/orders → 500 (30129ms)
2026-06-12 19:07:59.549 : [API] POST /api/cart/items → 500 (30161ms)
2026-06-12 19:07:59.549 : [API] POST /api/orders → 500 (30169ms)
2026-06-12 19:07:59.549 : [API] POST /api/orders → 500 (30161ms)
2026-06-12 19:07:59.549 : [API] POST /api/orders → 500 (30161ms)
2026-06-12 19:07:59.549 : [API] POST /api/orders → 500 (30161ms)
2026-06-12 19:07:59.549 : [API] POST /api/orders → 500 (30161ms)
2026-06-12 19:07:59.587 : [API] POST /api/orders → 500 (30271ms)
2026-06-12 19:07:59.587 : [API] POST /api/orders → 500 (30277ms)
2026-06-12 19:07:59.587 : [API] POST /api/orders → 500 (30274ms)
2026-06-12 19:07:59.595 : [API] POST /api/orders → 500 (30212ms)
2026-06-12 19:07:59.595 : [API] POST /api/orders → 500 (30212ms)
2026-06-12 19:07:59.595 : [API] POST /api/orders → 500 (30215ms)
2026-06-12 19:07:59.595 : [API] POST /api/orders → 500 (30192ms)
2026-06-12 19:07:59.595 : [API] POST /api/orders → 500 (30199ms)
2026-06-12 19:07:59.595 : [API] POST /api/orders → 500 (30221ms)
2026-06-12 19:07:59.595 : [API] POST /api/orders → 500 (30288ms)
2026-06-12 19:07:59.595 : [API] POST /api/orders → 500 (30197ms)
2026-06-12 19:07:59.597 : [API] POST /api/orders → 500 (30196ms)
2026-06-12 19:07:59.597 : [API] POST /api/orders → 500 (30203ms)
2026-06-12 19:07:59.597 : [API] POST /api/orders → 500 (30281ms)
2026-06-12 19:07:59.597 : [API] POST /api/orders → 500 (30203ms)
2026-06-12 19:07:59.597 : [API] POST /api/orders → 500 (30206ms)
2026-06-12 19:07:59.597 : [API] POST /api/orders → 500 (30287ms)
2026-06-12 19:07:59.597 : [API] POST /api/orders → 500 (30198ms)
2026-06-12 19:07:59.597 : [API] POST /api/orders → 500 (30287ms)
2026-06-12 19:07:59.598 : [API] POST /api/orders → 500 (30202ms)
2026-06-12 19:07:59.599 : [API] POST /api/orders → 500 (30276ms)
2026-06-12 19:07:59.611 : [주문생성] 중복 요청 감지 memberId=5 storeId=1
2026-06-12 19:07:59.611 : [주문생성] 중복 요청 감지 memberId=5 storeId=1
2026-06-12 19:07:59.613 : [API] POST /api/orders → 409 (30239ms)
2026-06-12 19:07:59.613 : [API] POST /api/orders → 409 (236ms)
2026-06-12 19:07:59.632 : [주문생성] orderId=10 memberId=5 storeId=1 totalPrice=144000 itemCount=1
2026-06-12 19:08:29.636 : [API] POST /api/orders → 500 (30032ms)
2026-06-12 19:08:29.636 : [API] POST /api/orders → 500 (30033ms)
2026-06-12 19:08:29.636 : [API] POST /api/orders → 500 (30024ms)
2026-06-12 19:08:29.636 : [API] POST /api/orders → 500 (30037ms)
2026-06-12 19:08:29.653 : [API] POST /api/orders → 500 (30055ms)
2026-06-12 19:08:29.654 : [API] POST /api/orders → 500 (30103ms)
2026-06-12 19:08:29.654 : [API] POST /api/orders → 500 (30051ms)
2026-06-12 19:08:29.654 : [API] POST /api/orders → 500 (30055ms)
2026-06-12 19:08:29.654 : [API] POST /api/orders → 500 (30051ms)
2026-06-12 19:08:29.654 : [API] POST /api/orders → 500 (30054ms)
2026-06-12 19:08:29.654 : [API] POST /api/orders → 500 (30053ms)
2026-06-12 19:08:29.654 : [API] POST /api/orders → 500 (30051ms)
2026-06-12 19:08:29.669 : [API] POST /api/orders → 202 (60294ms)
2026-06-12 19:10:45.685 : [API] POST /api/auth/login → 200 (73ms)
2026-06-12 19:10:45.743 : [API] DELETE /api/cart → 200 (1ms)
2026-06-12 19:10:45.803 : [API] POST /api/cart/items → 200 (5ms)
2026-06-12 19:10:45.874 : [주문생성] orderId=11 memberId=5 storeId=1 totalPrice=4500 itemCount=1
2026-06-12 19:10:45.883 : [API] POST /api/orders → 202 (28ms)
2026-06-12 19:12:33.156 : [API] POST /api/auth/login → 200 (74ms)
2026-06-12 19:12:33.229 : [API] POST /api/auth/login → 200 (71ms)
2026-06-12 19:12:33.302 : [API] POST /api/auth/login → 200 (71ms)
2026-06-12 19:12:33.377 : [API] POST /api/auth/login → 200 (71ms)
2026-06-12 19:12:33.448 : [API] POST /api/auth/login → 200 (69ms)
2026-06-12 19:12:33.519 : [API] POST /api/auth/login → 200 (69ms)
2026-06-12 19:12:33.588 : [API] POST /api/auth/login → 200 (67ms)
2026-06-12 19:12:33.659 : [API] POST /api/auth/login → 200 (69ms)
2026-06-12 19:12:33.729 : [API] POST /api/auth/login → 200 (69ms)
2026-06-12 19:12:33.798 : [API] POST /api/auth/login → 200 (68ms)
2026-06-12 19:12:33.867 : [API] POST /api/auth/login → 200 (67ms)
2026-06-12 19:12:33.939 : [API] POST /api/auth/login → 200 (70ms)
2026-06-12 19:12:34.010 : [API] POST /api/auth/login → 200 (70ms)
2026-06-12 19:12:34.080 : [API] POST /api/auth/login → 200 (69ms)
2026-06-12 19:12:34.151 : [API] POST /api/auth/login → 200 (69ms)
2026-06-12 19:12:34.219 : [API] POST /api/auth/login → 200 (66ms)
2026-06-12 19:12:34.289 : [API] POST /api/auth/login → 200 (68ms)
2026-06-12 19:12:34.359 : [API] POST /api/auth/login → 200 (68ms)
2026-06-12 19:12:34.430 : [API] POST /api/auth/login → 200 (69ms)
2026-06-12 19:12:34.501 : [API] POST /api/auth/login → 200 (69ms)
2026-06-12 19:12:34.577 : [API] POST /api/auth/login → 200 (74ms)
2026-06-12 19:12:34.648 : [API] POST /api/auth/login → 200 (69ms)
2026-06-12 19:12:34.718 : [API] POST /api/auth/login → 200 (68ms)
2026-06-12 19:12:34.786 : [API] POST /api/auth/login → 200 (67ms)
2026-06-12 19:12:34.855 : [API] POST /api/auth/login → 200 (68ms)
2026-06-12 19:12:34.930 : [API] POST /api/auth/login → 200 (74ms)
2026-06-12 19:12:34.999 : [API] POST /api/auth/login → 200 (68ms)
2026-06-12 19:12:35.069 : [API] POST /api/auth/login → 200 (67ms)
2026-06-12 19:12:35.140 : [API] POST /api/auth/login → 200 (69ms)
2026-06-12 19:12:35.208 : [API] POST /api/auth/login → 200 (67ms)
2026-06-12 19:12:35.277 : [API] POST /api/auth/login → 200 (67ms)
2026-06-12 19:12:35.346 : [API] POST /api/auth/login → 200 (67ms)
2026-06-12 19:12:35.417 : [API] POST /api/auth/login → 200 (69ms)
2026-06-12 19:12:35.486 : [API] POST /api/auth/login → 200 (68ms)
2026-06-12 19:12:35.556 : [API] POST /api/auth/login → 200 (69ms)
2026-06-12 19:12:35.625 : [API] POST /api/auth/login → 200 (67ms)
2026-06-12 19:12:35.696 : [API] POST /api/auth/login → 200 (70ms)
2026-06-12 19:12:35.765 : [API] POST /api/auth/login → 200 (67ms)
2026-06-12 19:12:35.833 : [API] POST /api/auth/login → 200 (67ms)
2026-06-12 19:12:35.901 : [API] POST /api/auth/login → 200 (66ms)
2026-06-12 19:12:35.970 : [API] POST /api/auth/login → 200 (67ms)
2026-06-12 19:12:36.038 : [API] POST /api/auth/login → 200 (66ms)
2026-06-12 19:12:36.106 : [API] POST /api/auth/login → 200 (67ms)
2026-06-12 19:12:36.175 : [API] POST /api/auth/login → 200 (67ms)
2026-06-12 19:12:36.243 : [API] POST /api/auth/login → 200 (66ms)
2026-06-12 19:12:36.315 : [API] POST /api/auth/login → 200 (70ms)
2026-06-12 19:12:36.389 : [API] POST /api/auth/login → 200 (72ms)
2026-06-12 19:12:36.459 : [API] POST /api/auth/login → 200 (69ms)
2026-06-12 19:12:36.528 : [API] POST /api/auth/login → 200 (67ms)
2026-06-12 19:12:36.596 : [API] POST /api/auth/login → 200 (67ms)
2026-06-12 19:12:36.664 : [API] POST /api/auth/login → 200 (67ms)
2026-06-12 19:12:36.734 : [API] POST /api/auth/login → 200 (68ms)
2026-06-12 19:12:36.802 : [API] POST /api/auth/login → 200 (66ms)
2026-06-12 19:12:36.872 : [API] POST /api/auth/login → 200 (68ms)
2026-06-12 19:12:36.941 : [API] POST /api/auth/login → 200 (68ms)
2026-06-12 19:12:37.009 : [API] POST /api/auth/login → 200 (66ms)
2026-06-12 19:12:37.078 : [API] POST /api/auth/login → 200 (67ms)
2026-06-12 19:12:37.146 : [API] POST /api/auth/login → 200 (67ms)
2026-06-12 19:12:37.218 : [API] POST /api/auth/login → 200 (71ms)
2026-06-12 19:12:37.286 : [API] POST /api/auth/login → 200 (67ms)
2026-06-12 19:12:37.354 : [API] POST /api/auth/login → 200 (67ms)
2026-06-12 19:12:37.423 : [API] POST /api/auth/login → 200 (68ms)
2026-06-12 19:12:37.490 : [API] POST /api/auth/login → 200 (66ms)
2026-06-12 19:12:37.558 : [API] POST /api/auth/login → 200 (67ms)
2026-06-12 19:12:37.627 : [API] POST /api/auth/login → 200 (67ms)
2026-06-12 19:12:37.695 : [API] POST /api/auth/login → 200 (67ms)
2026-06-12 19:12:37.767 : [API] POST /api/auth/login → 200 (70ms)
2026-06-12 19:12:37.834 : [API] POST /api/auth/login → 200 (66ms)
2026-06-12 19:12:37.904 : [API] POST /api/auth/login → 200 (68ms)
2026-06-12 19:12:37.972 : [API] POST /api/auth/login → 200 (67ms)
2026-06-12 19:12:38.040 : [API] POST /api/auth/login → 200 (66ms)
2026-06-12 19:12:38.109 : [API] POST /api/auth/login → 200 (68ms)
2026-06-12 19:12:38.177 : [API] POST /api/auth/login → 200 (67ms)
2026-06-12 19:12:38.247 : [API] POST /api/auth/login → 200 (68ms)
2026-06-12 19:12:38.317 : [API] POST /api/auth/login → 200 (68ms)
2026-06-12 19:12:38.389 : [API] POST /api/auth/login → 200 (69ms)
2026-06-12 19:12:38.460 : [API] POST /api/auth/login → 200 (70ms)
2026-06-12 19:12:38.528 : [API] POST /api/auth/login → 200 (66ms)
2026-06-12 19:12:38.597 : [API] POST /api/auth/login → 200 (67ms)
2026-06-12 19:12:38.664 : [API] POST /api/auth/login → 200 (66ms)
2026-06-12 19:12:38.732 : [API] POST /api/auth/login → 200 (66ms)
2026-06-12 19:12:38.803 : [API] POST /api/auth/login → 200 (69ms)
2026-06-12 19:12:38.871 : [API] POST /api/auth/login → 200 (67ms)
2026-06-12 19:12:38.943 : [API] POST /api/auth/login → 200 (70ms)
2026-06-12 19:12:39.034 : [API] POST /api/auth/login → 200 (88ms)
2026-06-12 19:12:39.105 : [API] POST /api/auth/login → 200 (69ms)
2026-06-12 19:12:39.174 : [API] POST /api/auth/login → 200 (67ms)
2026-06-12 19:12:39.242 : [API] POST /api/auth/login → 200 (67ms)
2026-06-12 19:12:39.310 : [API] POST /api/auth/login → 200 (67ms)
2026-06-12 19:12:39.379 : [API] POST /api/auth/login → 200 (67ms)
2026-06-12 19:12:39.448 : [API] POST /api/auth/login → 200 (68ms)
2026-06-12 19:12:39.520 : [API] POST /api/auth/login → 200 (71ms)
2026-06-12 19:12:39.593 : [API] POST /api/auth/login → 200 (71ms)
2026-06-12 19:12:39.660 : [API] POST /api/auth/login → 200 (66ms)
2026-06-12 19:12:39.729 : [API] POST /api/auth/login → 200 (67ms)
2026-06-12 19:12:39.800 : [API] POST /api/auth/login → 200 (69ms)
2026-06-12 19:12:39.868 : [API] POST /api/auth/login → 200 (67ms)
2026-06-12 19:12:39.936 : [API] POST /api/auth/login → 200 (67ms)
2026-06-12 19:12:40.006 : [API] POST /api/auth/login → 200 (69ms)
2026-06-12 19:12:40.074 : [API] POST /api/auth/login → 200 (67ms)
2026-06-12 19:12:40.099 : [API] POST /api/cart/items → 200 (12ms)
2026-06-12 19:12:40.099 : [API] POST /api/cart/items → 200 (11ms)
2026-06-12 19:12:40.100 : [API] POST /api/cart/items → 200 (12ms)
2026-06-12 19:12:40.100 : [API] POST /api/cart/items → 200 (12ms)
2026-06-12 19:12:40.100 : [API] POST /api/cart/items → 200 (13ms)
2026-06-12 19:12:40.102 : [API] POST /api/cart/items → 200 (11ms)
2026-06-12 19:12:40.102 : [API] POST /api/cart/items → 200 (11ms)
2026-06-12 19:12:40.102 : [API] POST /api/cart/items → 200 (14ms)
2026-06-12 19:12:40.102 : [API] POST /api/cart/items → 200 (17ms)
2026-06-12 19:12:40.102 : [API] POST /api/cart/items → 200 (10ms)
2026-06-12 19:12:40.115 : [API] POST /api/cart/items → 200 (15ms)
2026-06-12 19:12:40.115 : [API] POST /api/cart/items → 200 (14ms)
2026-06-12 19:12:40.115 : [API] POST /api/cart/items → 200 (15ms)
2026-06-12 19:12:40.117 : [API] POST /api/cart/items → 200 (16ms)
2026-06-12 19:12:40.120 : [API] POST /api/cart/items → 200 (19ms)
2026-06-12 19:12:40.130 : [API] POST /api/cart/items → 200 (25ms)
2026-06-12 19:12:40.131 : [API] POST /api/cart/items → 200 (26ms)
2026-06-12 19:12:40.134 : [API] POST /api/cart/items → 200 (25ms)
2026-06-12 19:12:40.137 : [API] POST /api/cart/items → 200 (30ms)
2026-06-12 19:12:40.138 : [API] POST /api/cart/items → 200 (29ms)
2026-06-12 19:12:40.138 : [API] POST /api/cart/items → 200 (29ms)
2026-06-12 19:12:40.143 : [API] POST /api/cart/items → 200 (34ms)
2026-06-12 19:12:40.143 : [API] POST /api/cart/items → 200 (31ms)
2026-06-12 19:12:40.143 : [API] POST /api/cart/items → 200 (31ms)
2026-06-12 19:12:40.152 : [API] POST /api/cart/items → 200 (35ms)
2026-06-12 19:12:40.152 : [API] POST /api/cart/items → 200 (38ms)
2026-06-12 19:12:40.152 : [API] POST /api/cart/items → 200 (33ms)
2026-06-12 19:12:40.153 : [API] POST /api/cart/items → 200 (34ms)
2026-06-12 19:12:40.152 : [API] POST /api/cart/items → 200 (33ms)
2026-06-12 19:12:40.155 : [API] POST /api/cart/items → 200 (41ms)
2026-06-12 19:12:40.156 : [API] POST /api/cart/items → 200 (42ms)
2026-06-12 19:12:40.156 : [API] POST /api/cart/items → 200 (40ms)
2026-06-12 19:12:40.156 : [API] POST /api/cart/items → 200 (37ms)
2026-06-12 19:12:40.158 : [API] POST /api/cart/items → 200 (36ms)
2026-06-12 19:12:40.160 : [API] POST /api/cart/items → 200 (38ms)
2026-06-12 19:12:40.160 : [API] POST /api/cart/items → 200 (38ms)
2026-06-12 19:12:40.160 : [API] POST /api/cart/items → 200 (41ms)
2026-06-12 19:12:40.164 : [API] POST /api/cart/items → 200 (40ms)
2026-06-12 19:12:40.164 : [API] POST /api/cart/items → 200 (40ms)
2026-06-12 19:12:40.164 : [API] POST /api/cart/items → 200 (40ms)
2026-06-12 19:12:40.166 : [API] POST /api/cart/items → 200 (39ms)
2026-06-12 19:12:40.167 : [API] POST /api/cart/items → 200 (40ms)
2026-06-12 19:12:40.167 : [API] POST /api/cart/items → 200 (40ms)
2026-06-12 19:12:40.167 : [API] POST /api/cart/items → 200 (40ms)
2026-06-12 19:12:40.167 : [API] POST /api/cart/items → 200 (40ms)
2026-06-12 19:12:40.191 : [API] POST /api/cart/items → 200 (48ms)
2026-06-12 19:13:10.179 : [API] POST /api/orders → 500 (30022ms)
2026-06-12 19:13:10.181 : [API] POST /api/orders → 500 (30021ms)
2026-06-12 19:13:10.247 : [API] POST /api/cart/items → 500 (30074ms)
2026-06-12 19:13:10.251 : [API] POST /api/cart/items → 500 (30078ms)
2026-06-12 19:13:10.251 : [API] POST /api/cart/items → 500 (30078ms)
2026-06-12 19:13:10.251 : [API] POST /api/orders → 500 (30080ms)
2026-06-12 19:13:10.251 : [API] POST /api/cart/items → 500 (30078ms)
2026-06-12 19:13:10.251 : [API] POST /api/orders → 500 (30085ms)
2026-06-12 19:13:10.251 : [API] POST /api/orders → 500 (30084ms)
2026-06-12 19:13:10.254 : [API] POST /api/cart/items → 500 (30087ms)
2026-06-12 19:13:10.254 : [API] POST /api/cart/items → 500 (30078ms)
2026-06-12 19:13:10.254 : [API] POST /api/cart/items → 500 (30081ms)
2026-06-12 19:13:10.255 : [API] POST /api/cart/items → 500 (30088ms)
2026-06-12 19:13:10.255 : [API] POST /api/cart/items → 500 (30082ms)
2026-06-12 19:13:10.255 : [API] POST /api/cart/items → 500 (30082ms)
2026-06-12 19:13:10.255 : [API] POST /api/cart/items → 500 (30078ms)
2026-06-12 19:13:10.255 : [API] POST /api/cart/items → 500 (30082ms)
2026-06-12 19:13:10.255 : [API] POST /api/cart/items → 500 (30089ms)
2026-06-12 19:13:10.255 : [API] POST /api/cart/items → 500 (30082ms)
2026-06-12 19:13:10.255 : [API] POST /api/cart/items → 500 (30078ms)
2026-06-12 19:13:10.256 : [API] POST /api/orders → 500 (30090ms)
2026-06-12 19:13:10.301 : [API] POST /api/cart/items → 500 (30122ms)
2026-06-12 19:13:10.338 : [API] POST /api/cart/items → 500 (30150ms)
2026-06-12 19:13:10.349 : [API] POST /api/cart/items → 500 (30167ms)
2026-06-12 19:13:10.349 : [API] POST /api/cart/items → 500 (30163ms)
2026-06-12 19:13:10.371 : [API] POST /api/cart/items → 500 (30191ms)
2026-06-12 19:13:10.374 : [API] POST /api/orders → 500 (30195ms)
2026-06-12 19:13:10.390 : [API] POST /api/cart/items → 500 (30208ms)
2026-06-12 19:13:10.397 : [API] POST /api/orders → 500 (30260ms)
2026-06-12 19:13:10.397 : [API] POST /api/cart/items → 500 (30205ms)
2026-06-12 19:13:10.398 : [API] POST /api/orders → 500 (30195ms)
2026-06-12 19:13:10.398 : [API] POST /api/orders → 500 (30195ms)
2026-06-12 19:13:10.398 : [API] POST /api/cart/items → 500 (30206ms)
2026-06-12 19:13:10.398 : [API] POST /api/orders → 500 (30261ms)
2026-06-12 19:13:10.398 : [API] POST /api/cart/items → 500 (30206ms)
2026-06-12 19:13:10.398 : [API] POST /api/orders → 500 (30192ms)
2026-06-12 19:13:10.398 : [API] POST /api/orders → 500 (30195ms)
2026-06-12 19:13:10.439 : [API] POST /api/orders → 500 (30232ms)
2026-06-12 19:13:10.442 : [API] POST /api/cart/items → 500 (30247ms)
2026-06-12 19:13:10.442 : [API] POST /api/cart/items → 500 (30241ms)
2026-06-12 19:13:10.442 : [API] POST /api/cart/items → 500 (30256ms)
2026-06-12 19:13:10.442 : [API] POST /api/cart/items → 500 (30251ms)
2026-06-12 19:13:10.442 : [API] POST /api/cart/items → 500 (30253ms)
2026-06-12 19:13:10.442 : [API] POST /api/cart/items → 500 (30253ms)
2026-06-12 19:13:10.443 : [API] POST /api/orders → 500 (30257ms)
2026-06-12 19:13:10.443 : [API] POST /api/cart/items → 500 (30257ms)
2026-06-12 19:13:10.443 : [API] POST /api/cart/items → 500 (30254ms)
2026-06-12 19:13:10.443 : [API] POST /api/cart/items → 500 (30254ms)
2026-06-12 19:13:10.444 : [API] POST /api/orders → 500 (30301ms)
2026-06-12 19:13:10.444 : [API] POST /api/orders → 500 (30301ms)
2026-06-12 19:13:10.444 : [API] POST /api/orders → 500 (30262ms)
2026-06-12 19:13:10.444 : [API] POST /api/cart/items → 500 (30252ms)
2026-06-12 19:13:10.444 : [API] POST /api/cart/items → 500 (30265ms)
2026-06-12 19:13:10.444 : [API] POST /api/orders → 500 (30260ms)
2026-06-12 19:13:10.444 : [API] POST /api/cart/items → 500 (30260ms)
2026-06-12 19:13:10.444 : [API] POST /api/cart/items → 500 (30264ms)
2026-06-12 19:13:10.444 : [API] POST /api/orders → 500 (30306ms)
2026-06-12 19:13:10.444 : [API] POST /api/cart/items → 500 (30264ms)
2026-06-12 19:13:10.444 : [API] POST /api/cart/items → 500 (30265ms)
2026-06-12 19:13:10.444 : [API] POST /api/cart/items → 500 (30265ms)
2026-06-12 19:13:10.445 : [API] POST /api/cart/items → 500 (30244ms)
2026-06-12 19:13:10.445 : [API] POST /api/cart/items → 500 (30248ms)
2026-06-12 19:13:10.445 : [API] POST /api/orders → 500 (30308ms)
2026-06-12 19:13:10.445 : [API] POST /api/orders → 500 (30242ms)
2026-06-12 19:13:10.445 : [API] POST /api/orders → 500 (30244ms)
2026-06-12 19:13:10.446 : [API] POST /api/orders → 500 (30242ms)
2026-06-12 19:13:10.447 : [API] POST /api/cart/items → 500 (30250ms)
2026-06-12 19:13:10.448 : [API] POST /api/orders → 500 (30294ms)
2026-06-12 19:13:10.448 : [API] POST /api/orders → 500 (30247ms)
2026-06-12 19:13:10.448 : [API] POST /api/orders → 500 (30296ms)
2026-06-12 19:13:10.448 : [API] POST /api/cart/items → 500 (30249ms)
2026-06-12 19:13:10.448 : [API] POST /api/cart/items → 500 (30253ms)
2026-06-12 19:13:10.448 : [API] POST /api/orders → 500 (30299ms)
2026-06-12 19:13:10.449 : [API] POST /api/cart/items → 500 (30254ms)
2026-06-12 19:13:10.450 : [API] POST /api/cart/items → 500 (30251ms)
2026-06-12 19:13:10.450 : [API] POST /api/orders → 500 (30241ms)
2026-06-12 19:13:10.450 : [API] POST /api/cart/items → 500 (30253ms)
2026-06-12 19:13:10.450 : [API] POST /api/orders → 500 (30245ms)
2026-06-12 19:13:10.450 : [API] POST /api/cart/items → 500 (30251ms)
2026-06-12 19:13:10.450 : [API] POST /api/orders → 500 (30240ms)
2026-06-12 19:13:10.450 : [API] POST /api/cart/items → 500 (30253ms)
2026-06-12 19:13:10.450 : [API] POST /api/cart/items → 500 (30251ms)
2026-06-12 19:13:10.451 : [API] POST /api/cart/items → 500 (30256ms)
2026-06-12 19:13:10.451 : [API] POST /api/orders → 500 (30294ms)
2026-06-12 19:13:10.486 : [주문생성] orderId=12 memberId=5 storeId=1 totalPrice=58500 itemCount=1
2026-06-12 19:13:40.528 : [API] POST /api/orders → 500 (30066ms)
2026-06-12 19:13:40.529 : [API] POST /api/orders → 500 (30067ms)
2026-06-12 19:13:40.529 : [API] POST /api/orders → 500 (30068ms)
2026-06-12 19:13:40.529 : [API] POST /api/orders → 500 (30067ms)
2026-06-12 19:13:40.529 : [API] POST /api/orders → 500 (30066ms)
2026-06-12 19:13:40.529 : [API] POST /api/orders → 500 (30066ms)
2026-06-12 19:13:40.530 : [API] POST /api/orders → 500 (30068ms)
2026-06-12 19:13:40.530 : [API] POST /api/orders → 500 (30070ms)
2026-06-12 19:13:40.530 : [API] POST /api/orders → 500 (30079ms)
2026-06-12 19:13:40.530 : [API] POST /api/orders → 500 (30130ms)
2026-06-12 19:13:40.531 : [API] POST /api/orders → 500 (30087ms)
2026-06-12 19:13:40.534 : [주문생성] 실패 memberId=5 storeId=1 error=Could not open JPA EntityManager for transaction
2026-06-12 19:13:40.587 : [API] POST /api/orders → 500 (30111ms)
2026-06-12 19:13:40.592 : [API] POST /api/orders → 500 (30115ms)
2026-06-12 19:13:40.592 : [API] POST /api/orders → 500 (30127ms)
2026-06-12 19:13:40.592 : [API] POST /api/orders → 500 (30141ms)
2026-06-12 19:13:40.592 : [API] POST /api/orders → 500 (30127ms)
2026-06-12 19:13:40.592 : [API] POST /api/orders → 500 (30114ms)
2026-06-12 19:13:40.593 : [API] POST /api/orders → 500 (30118ms)
2026-06-12 19:13:40.593 : [API] POST /api/orders → 500 (30141ms)
2026-06-12 19:13:40.593 : [API] POST /api/orders → 500 (30125ms)
2026-06-12 19:13:40.593 : [API] POST /api/orders → 500 (30144ms)
2026-06-12 19:13:40.593 : [API] POST /api/orders → 500 (30113ms)
2026-06-12 19:13:40.593 : [API] POST /api/orders → 500 (30111ms)
2026-06-12 19:13:40.594 : [API] POST /api/orders → 500 (30145ms)
2026-06-12 19:13:40.594 : [API] POST /api/orders → 500 (30113ms)
2026-06-12 19:13:40.594 : [API] POST /api/orders → 500 (30138ms)
2026-06-12 19:13:40.605 : [주문생성] orderId=13 memberId=2 storeId=1 totalPrice=63000 itemCount=1
2026-06-12 19:13:40.613 : [API] POST /api/orders → 500 (30167ms)
2026-06-12 19:13:40.615 : [API] POST /api/orders → 202 (30170ms)
2026-06-12 19:13:40.622 : [API] POST /api/orders → 500 (30176ms)
2026-06-12 19:15:44.022 : [API] POST /api/auth/login → 200 (70ms)
2026-06-12 19:15:44.104 : [API] POST /api/admin/members → 200 (77ms)
2026-06-12 19:15:44.175 : [API] POST /api/auth/login → 200 (69ms)
2026-06-12 19:15:44.180 : [API] DELETE /api/cart → 200 (1ms)
2026-06-12 19:15:44.187 : [API] POST /api/cart/items → 200 (4ms)
2026-06-12 19:15:44.260 : [API] POST /api/admin/members → 200 (71ms)
2026-06-12 19:15:44.331 : [API] POST /api/auth/login → 200 (69ms)
2026-06-12 19:15:44.335 : [API] DELETE /api/cart → 200 (1ms)
2026-06-12 19:15:44.341 : [API] POST /api/cart/items → 200 (3ms)
2026-06-12 19:15:44.424 : [API] POST /api/admin/members → 200 (80ms)
2026-06-12 19:15:44.494 : [API] POST /api/auth/login → 200 (68ms)
2026-06-12 19:15:44.497 : [API] DELETE /api/cart → 200 (0ms)
2026-06-12 19:15:44.504 : [API] POST /api/cart/items → 200 (4ms)
2026-06-12 19:15:44.592 : [API] POST /api/admin/members → 200 (85ms)
2026-06-12 19:15:44.665 : [API] POST /api/auth/login → 200 (72ms)
2026-06-12 19:15:44.670 : [API] DELETE /api/cart → 200 (2ms)
2026-06-12 19:15:44.677 : [API] POST /api/cart/items → 200 (4ms)
2026-06-12 19:15:44.757 : [API] POST /api/admin/members → 200 (76ms)
2026-06-12 19:15:44.829 : [API] POST /api/auth/login → 200 (71ms)
2026-06-12 19:15:44.833 : [API] DELETE /api/cart → 200 (1ms)
2026-06-12 19:15:44.840 : [API] POST /api/cart/items → 200 (5ms)
2026-06-12 19:15:44.918 : [API] POST /api/admin/members → 200 (76ms)
2026-06-12 19:15:44.990 : [API] POST /api/auth/login → 200 (71ms)
2026-06-12 19:15:44.994 : [API] DELETE /api/cart → 200 (0ms)
2026-06-12 19:15:45.001 : [API] POST /api/cart/items → 200 (4ms)
2026-06-12 19:15:45.078 : [API] POST /api/admin/members → 200 (75ms)
2026-06-12 19:15:45.148 : [API] POST /api/auth/login → 200 (69ms)
2026-06-12 19:15:45.153 : [API] DELETE /api/cart → 200 (1ms)
2026-06-12 19:15:45.160 : [API] POST /api/cart/items → 200 (4ms)
2026-06-12 19:15:45.239 : [API] POST /api/admin/members → 200 (76ms)
2026-06-12 19:15:45.312 : [API] POST /api/auth/login → 200 (72ms)
2026-06-12 19:15:45.317 : [API] DELETE /api/cart → 200 (1ms)
2026-06-12 19:15:45.324 : [API] POST /api/cart/items → 200 (4ms)
2026-06-12 19:15:45.404 : [API] POST /api/admin/members → 200 (76ms)
2026-06-12 19:15:45.477 : [API] POST /api/auth/login → 200 (72ms)
2026-06-12 19:15:45.480 : [API] DELETE /api/cart → 200 (1ms)
2026-06-12 19:15:45.487 : [API] POST /api/cart/items → 200 (5ms)
2026-06-12 19:15:45.566 : [API] POST /api/admin/members → 200 (77ms)
2026-06-12 19:15:45.638 : [API] POST /api/auth/login → 200 (71ms)
2026-06-12 19:15:45.643 : [API] DELETE /api/cart → 200 (1ms)
2026-06-12 19:15:45.650 : [API] POST /api/cart/items → 200 (5ms)
2026-06-12 19:15:45.726 : [API] POST /api/admin/members → 200 (74ms)
2026-06-12 19:15:45.796 : [API] POST /api/auth/login → 200 (68ms)
2026-06-12 19:15:45.800 : [API] DELETE /api/cart → 200 (0ms)
2026-06-12 19:15:45.806 : [API] POST /api/cart/items → 200 (3ms)
2026-06-12 19:15:45.883 : [API] POST /api/admin/members → 200 (74ms)
2026-06-12 19:15:45.956 : [API] POST /api/auth/login → 200 (71ms)
2026-06-12 19:15:45.960 : [API] DELETE /api/cart → 200 (1ms)
2026-06-12 19:15:45.967 : [API] POST /api/cart/items → 200 (5ms)
2026-06-12 19:15:46.046 : [API] POST /api/admin/members → 200 (76ms)
2026-06-12 19:15:46.117 : [API] POST /api/auth/login → 200 (70ms)
2026-06-12 19:15:46.125 : [API] DELETE /api/cart → 200 (1ms)
2026-06-12 19:15:46.132 : [API] POST /api/cart/items → 200 (4ms)
2026-06-12 19:15:46.208 : [API] POST /api/admin/members → 200 (74ms)
2026-06-12 19:15:46.275 : [API] POST /api/auth/login → 200 (66ms)
2026-06-12 19:15:46.279 : [API] DELETE /api/cart → 200 (1ms)
2026-06-12 19:15:46.286 : [API] POST /api/cart/items → 200 (4ms)
2026-06-12 19:15:46.366 : [API] POST /api/admin/members → 200 (77ms)
2026-06-12 19:15:46.439 : [API] POST /api/auth/login → 200 (72ms)
2026-06-12 19:15:46.443 : [API] DELETE /api/cart → 200 (1ms)
2026-06-12 19:15:46.452 : [API] POST /api/cart/items → 200 (5ms)
2026-06-12 19:15:46.532 : [API] POST /api/admin/members → 200 (76ms)
2026-06-12 19:15:46.604 : [API] POST /api/auth/login → 200 (71ms)
2026-06-12 19:15:46.610 : [API] DELETE /api/cart → 200 (1ms)
2026-06-12 19:15:46.617 : [API] POST /api/cart/items → 200 (4ms)
2026-06-12 19:15:46.696 : [API] POST /api/admin/members → 200 (76ms)
2026-06-12 19:15:46.767 : [API] POST /api/auth/login → 200 (69ms)
2026-06-12 19:15:46.771 : [API] DELETE /api/cart → 200 (1ms)
2026-06-12 19:15:46.779 : [API] POST /api/cart/items → 200 (5ms)
2026-06-12 19:15:46.861 : [API] POST /api/admin/members → 200 (80ms)
2026-06-12 19:15:46.936 : [API] POST /api/auth/login → 200 (73ms)
2026-06-12 19:15:46.940 : [API] DELETE /api/cart → 200 (2ms)
2026-06-12 19:15:46.948 : [API] POST /api/cart/items → 200 (5ms)
2026-06-12 19:15:47.028 : [API] POST /api/admin/members → 200 (77ms)
2026-06-12 19:15:47.100 : [API] POST /api/auth/login → 200 (71ms)
2026-06-12 19:15:47.104 : [API] DELETE /api/cart → 200 (1ms)
2026-06-12 19:15:47.111 : [API] POST /api/cart/items → 200 (4ms)
2026-06-12 19:15:47.187 : [API] POST /api/admin/members → 200 (73ms)
2026-06-12 19:15:47.257 : [API] POST /api/auth/login → 200 (68ms)
2026-06-12 19:15:47.261 : [API] DELETE /api/cart → 200 (0ms)
2026-06-12 19:15:47.268 : [API] POST /api/cart/items → 200 (4ms)
2026-06-12 19:16:17.301 : [API] POST /api/orders → 500 (30018ms)
2026-06-12 19:16:17.301 : [API] POST /api/orders → 500 (30021ms)
2026-06-12 19:16:17.301 : [API] POST /api/orders → 500 (30018ms)
2026-06-12 19:16:17.301 : [API] POST /api/orders → 500 (30018ms)
2026-06-12 19:16:17.301 : [API] POST /api/orders → 500 (30024ms)
2026-06-12 19:16:17.303 : [API] POST /api/orders → 500 (30026ms)
2026-06-12 19:16:17.339 : [API] POST /api/orders → 500 (30053ms)
2026-06-12 19:16:17.342 : [API] POST /api/orders → 500 (30057ms)
2026-06-12 19:16:17.342 : [API] POST /api/orders → 500 (30065ms)
2026-06-12 19:16:17.342 : [API] POST /api/orders → 500 (30054ms)
2026-06-12 19:16:17.342 : [API] POST /api/orders → 500 (30064ms)
2026-06-12 19:16:17.342 : [API] POST /api/orders → 500 (30065ms)
2026-06-12 19:16:17.342 : [API] POST /api/orders → 500 (30056ms)
2026-06-12 19:16:17.342 : [API] POST /api/orders → 500 (30057ms)
2026-06-12 19:16:17.342 : [API] POST /api/orders → 500 (30062ms)
2026-06-12 19:16:17.342 : [API] POST /api/orders → 500 (30064ms)
2026-06-12 19:16:17.343 : [API] POST /api/orders → 500 (30064ms)
2026-06-12 19:16:17.344 : [API] POST /api/orders → 500 (30059ms)
2026-06-12 19:16:17.358 : [주문생성] orderId=15 memberId=19 storeId=1 totalPrice=4500 itemCount=1
2026-06-12 19:16:17.358 : [주문생성] orderId=14 memberId=6 storeId=1 totalPrice=4500 itemCount=1
2026-06-12 19:16:17.373 : [API] POST /api/orders → 202 (30096ms)
2026-06-12 19:16:17.376 : [API] POST /api/orders → 202 (30099ms)
